{"level":"info","message":"Application started","service":"user-service"}
{"level":"info","message":"Application started"}
{"level":"info","message":"Application started"}
{"level":"info","message":"Application started"}
{"level":"info","message":"Application started","service":"app.js"}
{"level":"info"}
{"level":"info","message":"Application started","service":"app.js"}
{"level":"info","message":"Application started","service":"app.js"}
{"level":"info","message":"Application started","service":"app.js"}
{"level":"info","message":"Application started","service":"app.js"}
{"level":"info","message":"Application started","service":"app.js"}
{"level":"info","message":"Application started","service":"app.js"}
{"level":"info","message":"Application started","service":"app.js"}
{"level":"info","message":"Application started","service":"app.js"}
{"level":"info","message":"Application started","service":"app.js"}
{"level":"info","message":"Application started","service":"app.js"}
{"level":"info","message":"Application started","service":"app.js"}
{"level":"info","message":"Application started","service":"app.js"}
{"level":"info","message":"Application started","service":"app.js"}
{"level":"info","message":"Application started","service":"app.js"}
{"level":"info","message":"Application started","service":"app.js"}
{"level":"info","message":"Application started","service":"app.js"}
{"level":"info","message":"Application started","service":"app.js"}
{"level":"info","message":"Application started","service":"app.js"}
{"level":"info","message":"Application started","service":"app.js"}
{"level":"info","message":"Application started","service":"app.js"}
{"level":"info","message":"Application started","service":"app.js"}
{"level":"error","message":"error An error occurred","service":"app.js"}
{"level":"info","message":"Application started","service":"app.js"}
{"level":"error","message":"error An error occurred","service":"app.js"}
{"level":"info","message":"Application started","service":"app.js"}
{"level":"error","message":"error An error occurred","service":"app.js"}
{"level":"info","message":"Application started","service":"app.js"}
{"level":"error","message":"error An error occurred","service":"app.js"}
{"level":"info","message":"Application started","service":"app.js"}
{"level":"error","message":"error An error occurred","service":"app.js"}
{"level":"info","message":"Application started","service":"app.js"}
{"level":"error","message":"error An error occurred","service":"app.js"}
{"level":"info","message":"Application started","service":"app.js"}
{"at":"2025-07-05T01:48:38.893Z","level":"error","message":"error An error occurred","service":"app.js"}
